WARNING: Accepting ALL hosts. This may leave the server vulnerable to DNS rebinding attacks.
Registry store URI not provided. Using backend store URI.
2026/01/13 13:05:08 INFO mlflow.store.db.utils: Creating initial MLflow database tables...
2026/01/13 13:05:08 INFO mlflow.store.db.utils: Updating database tables
2026/01/13 13:05:08 INFO alembic.runtime.migration: Context impl SQLiteImpl.
2026/01/13 13:05:08 INFO alembic.runtime.migration: Will assume non-transactional DDL.
2026/01/13 13:05:08 INFO alembic.runtime.migration: Context impl SQLiteImpl.
2026/01/13 13:05:08 INFO alembic.runtime.migration: Will assume non-transactional DDL.
2026/01/13 13:05:08 INFO mlflow.store.db.utils: Creating initial MLflow database tables...
2026/01/13 13:05:08 INFO mlflow.store.db.utils: Updating database tables
2026/01/13 13:05:08 INFO alembic.runtime.migration: Context impl SQLiteImpl.
2026/01/13 13:05:08 INFO alembic.runtime.migration: Will assume non-transactional DDL.
[MLflow] Security middleware enabled. Allowed hosts: *. CORS origins: http://localhost:3000, https://example.com.
INFO:     Uvicorn running on http://0.0.0.0:5000 (Press CTRL+C to quit)
INFO:     Started parent process [13]
INFO:     Started server process [18]
INFO:     Waiting for application startup.
INFO:     Application startup complete.
INFO:     Started server process [16]
INFO:     Waiting for application startup.
INFO:     Application startup complete.
INFO:     Started server process [17]
INFO:     Waiting for application startup.
INFO:     Application startup complete.
INFO:     Started server process [15]
INFO:     Waiting for application startup.
INFO:     Application startup complete.
2026/01/13 13:05:18 INFO mlflow.store.db.utils: Creating initial MLflow database tables...
2026/01/13 13:05:18 INFO mlflow.store.db.utils: Updating database tables
2026/01/13 13:05:18 INFO alembic.runtime.migration: Context impl SQLiteImpl.
2026/01/13 13:05:18 INFO alembic.runtime.migration: Will assume non-transactional DDL.
2026/01/13 13:05:18 INFO alembic.runtime.migration: Context impl SQLiteImpl.
2026/01/13 13:05:18 INFO alembic.runtime.migration: Will assume non-transactional DDL.
INFO:     10.244.0.2:58824 - "POST /ajax-api/2.0/mlflow/runs/search HTTP/1.1" 200 OK
2026/01/13 13:05:45 INFO mlflow.store.db.utils: Creating initial MLflow database tables...
2026/01/13 13:05:45 INFO mlflow.store.db.utils: Updating database tables
2026/01/13 13:05:45 INFO alembic.runtime.migration: Context impl SQLiteImpl.
2026/01/13 13:05:45 INFO alembic.runtime.migration: Will assume non-transactional DDL.
INFO:     10.244.0.1:27783 - "GET /api/2.0/mlflow/model-versions/search?filter=name%3D%27argo-dag-demo%27&max_results=10000 HTTP/1.1" 200 OK
INFO:     10.244.0.1:27783 - "GET /api/2.0/mlflow/registered-models/get?name=argo-dag-demo HTTP/1.1" 200 OK
INFO:     10.244.0.1:27783 - "GET /api/2.0/mlflow/model-versions/get-download-uri?name=argo-dag-demo&version=15 HTTP/1.1" 200 OK
